[elcomercio.pe/economia/negocios/transacciones-de-plin-crecieron-90-en-abril-y-mayo-nndc-noticia/index.html]
[backblue.gif]
[fade.gif]
[index.html]
[d34fzxxwb5p53o.cloudfront.net/output/assets/js/prebidea21.js]
[elcomercio.pe/economia/negocios/transacciones-de-plin-crecieron-90-en-abril-y-mayo-nndc-noticia/index3f62.html]
[d2dvq461rdwooi.cloudfront.net/elcomercio/post/economia/spacesea21.js]
[d1r08wok4169a5.cloudfront.net/ads/elcomercio/arcadsea21.js]
[cdna.elcomercio.pe/resources/dist/elcomercio/images/favicon2d2b.png]
[cdna.elcomercio.pe/resources/dist/elcomercio/images/apple-touch-icon2d2b.png]
[cdna.elcomercio.pe/resources/dist/elcomercio/images/apple-touch-icon-76x762d2b.png]
[cdna.elcomercio.pe/resources/dist/elcomercio/images/apple-touch-icon-120x1202d2b.png]
[cdna.elcomercio.pe/resources/dist/elcomercio/images/apple-touch-icon-144x1442d2b.png]
[cdna.elcomercio.pe/resources/dist/elcomercio/images/apple-touch-icon-152x1522d2b.png]
[cdna.elcomercio.pe/resources/dist/elcomercio/images/apple-touch-icon-180x1802d2b.png]
[static.chartbeat.com/js/chartbeat_video.js]
[cdn.taboola.com/libtrc/grupoelcomercio-elcomercio/loader.js]
[elcomercio.pe/resizer/NCBHHUQEPFHCbb-npptIj3dQQU8=/1200x900/smart/filters_format(jpeg)_quality(75)/dvgnzpfv30f28.cloud/t_1ba60c6c0f7047ebaa88b]
[static.chartbeat.com/js/chartbeat_mab.js]
[elcomercio.pe/resizer/VtKeL_dRtYlHrd42LhTgX776BsM=/280x159/smart/filters_format(jpeg)_quality(75)/cloudfront-us-east-1/QASHAAPJ2BHI7III6GP2JE7]
[elcomercio.pe/economia/negocios/transacciones-de-plin-crecieron-90-en-abril-y-mayo-nndc-noticia/ak.10.delayed]
[cdna.elcomercio.pe/resources/dist/elcomercio/images/logo2d2b.png]
[elcomercio.pe/economia/negocios/transacciones-de-plin-crecieron-90-en-abril-y-mayo-nndc-noticia/economia/index.html]
[elcomercio.pe/resizer/oARMfheu0PTjCzzzJRvEZEMM9JE=/580x330/smart/filters_format(jpeg)_quality(75)/cloudfront-us-east-1/QASHAAPJ2BHI7III6GP2JE7]
[cdna.elcomercio.pe/resources/dist/elcomercio/images/logo-sidebar2d2b.png]
[elcomercio.pe/resizer/kLgcE1ljj5ITKlqbPPw1vJcDKl0=/57x57/smart/filters_format(jpeg)_quality(75)/s3.amazonaws.com/arc-a/5f71beb8-bb6d-4743-9ed2]
[cdna.elcomercio.pe/resources/dist/elcomercio/images/default-md87dd.png]
[elcomercio.pe/pf/resources/assets/js/powaSettings.mincc05.js]
[d1tqo5nrys2b20.cloudfront.net/prod/powaBoot8c7e.js]
[cdna.elcomercio.pe/resources/assets/js/lazyload2d2b.js]
[d1r08wok4169a5.cloudfront.net/gpt-adtmp/ads-formats-development/public/js/main72ee.js]
[cdnc.elcomercio.pe/dist/elcomercio/css/lite-storycc05.css]
[cdna.elcomercio.pe/resources/dist/elcomercio/images/paywall_bg2d2b.jpg]
[cdna.elcomercio.pe/resources/dist/elcomercio/images/logo_elcomercio2d2b.png]
[elcomercio.pe/economia/negocios/transacciones-de-plin-crecieron-90-en-abril-y-mayo-nndc-noticia/index.html]
[cdn.ampproject.org/v0.js]
[cdna.elcomercio.pe/resources/dist/elcomercio/images/arrow-right-2.png]
[elcomercio.pe/resizer/QzcBhZE485JDRHDEe49rEghDyNY=/1200x1200/smart/filters_format(jpeg)_quality(75)/cloudfront-us-east/QASHAAPJ2BHI7III6GP2JE7]
[cdn.ampproject.org/v0/amp-analytics-0.1.js]
[cdn.ampproject.org/v0/amp-ima-video-0.1.js]
[cdn.ampproject.org/v0/amp-social-share-0.1.js]
[cdn.ampproject.org/v0/amp-sticky-ad-1.0.js]
[cdn.ampproject.org/v0/amp-ad-0.1.js]
[cdn.ampproject.org/v0/amp-sidebar-0.1.js]
[cdn.ampproject.org/v0/amp-video-docking-0.1.js]
[cdn.ampproject.org/v0/amp-bind-0.1.js]
[cdn.ampproject.org/v0/amp-fit-text-0.1.js]
[cdna.elcomercio.pe/resources/dist/elcomercio/images/logo-amp2d2b.png]
[elcomercio.pe/resizer/gBob1TK-zpCO7hYUAHQrx6hrk28=/600x360/smart/filters_format(jpeg)_quality(75)/cloudfront-us-east-1/QASHAAPJ2BHI7III6GP2JE7]
[cloudfront-us-east-1.images.arcpublishing.com/elcomercio/IOWI5PQ5CJGUJPWF5GSZZTUMTI.jpg]
[cloudfront-us-east-1.images.arcpublishing.com/elcomercio/XQVVKOD4FJDKRDDW7LATAC56UY.jpg]
[cloudfront-us-east-1.images.arcpublishing.com/elcomercio/LDJ2RFHTCJBDXO6NDE77GKOL5E.jpg]
[cloudfront-us-east-1.images.arcpublishing.com/elcomercio/7GKUIA7P25BO7FP45WJA3RUDT4.jpg]
[elcomercio.pe/economia/negocios/transacciones-de-plin-crecieron-90-en-abril-y-mayo-nndc-noticia/index3f62.html]
[elcomercio.pe/resizer/3sWOxPBz7Lo4kQN_bXPgVmGhEiw=/314x157/smart/filters_format(jpeg)_quality(75)/cloudfront-us-east-1/HNC775PHJVDZ7C64YSWVPGL]
[elcomercio.pe/resizer/RsamVlQtqtv6LYMMdCnZlY9iEm0=/314x157/smart/filters_format(jpeg)_quality(75)/cloudfront-us-east-1/JIIWA5MXKJE5JF2AYR42RZE]
[elcomercio.pe/resizer/rs8lfDHUtSnkboOTAKZOzsSQLeA=/314x157/smart/filters_format(jpeg)_quality(75)/cloudfront-us-east-1/TDK3TL4V3VH7JKFLVU5LAJE]
[elcomercio.pe/resizer/hoL0b0PBOT1zpxp5NjUSd0hR4s4=/314x157/smart/filters_format(jpeg)_quality(75)/cloudfront-us-east-1/3CCP4YSF2JGZRN3IDGT3M6Z]
[static.chartbeat.com/js/chartbeat_video.js]
[static.chartbeat.com/js/inpage.js]
[elcomercio.pe/economia/negocios/transacciones-de-plin-crecieron-90-en-abril-y-mayo-nndc-noticia/www.youtube.com/embed/index.html]
[elcomercio.pe/resizer/1oRBR2IG61HzMU4xpcRPbTsxN3A=/314x157/smart/filters_format(jpeg)_quality(75)/cloudfront-us-east-1/W3ZQL4VPDJCNDFRNJAFA25N]
[elcomercio.pe/resizer/ewYfcCE0PkTHjD5hwF5FQ0RV7YM=/314x157/smart/filters_format(jpeg)_quality(75)/cloudfront-us-east-1/A4WEOYJGWZDMZP4YTCRSLLE]
[static.chartbeat.com/js/chartbeat_mab.js]
[www.googletagmanager.com/gtm5445.html]
[elcomercio.pe/economia/negocios/transacciones-de-plin-crecieron-90-en-abril-y-mayo-nndc-noticia/ak.html]
[elcomercio.pe/economia/negocios/transacciones-de-plin-crecieron-90-en-abril-y-mayo-nndc-noticia/economia/index.html]
[cdnc.elcomercio.pe/dist/elcomercio/css/lite-storycc05.css]
[elcomercio.pe/economia/negocios/transacciones-de-plin-crecieron-90-en-abril-y-mayo-nndc-noticia/GET/index.html]
[static.chartbeat.com/js/inpage.js]
[elcomercio.pe/economia/negocios/transacciones-de-plin-crecieron-90-en-abril-y-mayo-nndc-noticia/www.youtube.com/embed/index.html]
[elcomercio.pe/economia/negocios/transacciones-de-plin-crecieron-90-en-abril-y-mayo-nndc-noticia/GET/index.html]
[static2.chartbeat.com/js/mab-inpagedev.js]
[static.chartbeat.com/js/inpage.html]
